<?xml version="1.0" encoding="UTF-8"?>
<!-- Generated by org.testng.reporters.JUnitXMLReporter -->
<testsuite ignored="0" hostname="Vinays-MacBook-Air.local" failures="0" tests="4" name="Surefire test" time="8.481" errors="0" timestamp="2025-04-26T19:44:36 IST">
  <testcase classname="api.test.UserTests" name="testPostUser" time="2.462"/>
  <testcase classname="api.test.UserTests" name="testGetUserByName" time="1.533"/>
  <testcase classname="api.test.UserTests" name="testUpdateUserByName" time="2.854"/>
  <testcase classname="api.test.UserTests" name="testDeleteUserByName" time="1.524"/>
</testsuite> <!-- Surefire test -->
