<?xml version="1.0" encoding="UTF-8"?>
<!-- Generated by org.testng.reporters.JUnitXMLReporter -->
<testsuite ignored="0" hostname="Vinays-MacBook-Air.local" failures="0" tests="4" name="Default test" time="10.578" errors="0" timestamp="2025-04-26T14:07:07 IST">
  <testcase classname="api.test.UserTests" name="testPostUser" time="3.452"/>
  <testcase classname="api.test.UserTests" name="testGetUserByName" time="1.807"/>
  <testcase classname="api.test.UserTests" name="testUpdateUserByName" time="3.622"/>
  <testcase classname="api.test.UserTests" name="testDeleteUserByName" time="1.578"/>
</testsuite> <!-- Default test -->
